[0.245s] DEBUG:colcon:Command line arguments: ['/usr/bin/colcon', 'build', '--symlink-install']
[0.245s] DEBUG:colcon:Parsed command line arguments: Namespace(log_base=None, log_level=None, verb_name='build', build_base='build', install_base='install', merge_install=False, symlink_install=True, test_result_base=None, continue_on_error=False, executor='parallel', parallel_workers=6, event_handlers=None, ignore_user_meta=False, metas=['./colcon.meta'], base_paths=['.'], packages_ignore=None, packages_ignore_regex=None, paths=None, packages_up_to=None, packages_up_to_regex=None, packages_above=None, packages_above_and_dependencies=None, packages_above_depth=None, packages_select_by_dep=None, packages_skip_by_dep=None, packages_skip_up_to=None, packages_select_build_failed=False, packages_skip_build_finished=False, packages_select_test_failures=False, packages_skip_test_passed=False, packages_select=None, packages_skip=None, packages_select_regex=None, packages_skip_regex=None, packages_start=None, packages_end=None, allow_overriding=[], cmake_args=None, cmake_target=None, cmake_target_skip_unavailable=False, cmake_clean_cache=False, cmake_clean_first=False, cmake_force_configure=False, ament_cmake_args=None, catkin_cmake_args=None, catkin_skip_building_tests=False, mixin_files=None, mixin=None, verb_parser=<colcon_mixin.mixin.mixin_argument.MixinArgumentDecorator object at 0xffff889e8b20>, verb_extension=<colcon_core.verb.build.BuildVerb object at 0xffff889e8520>, main=<bound method BuildVerb.main of <colcon_core.verb.build.BuildVerb object at 0xffff889e8520>>, mixin_verb=('build',))
[0.738s] Level 1:colcon.colcon_core.package_discovery:discover_packages(colcon_meta) check parameters
[0.738s] Level 1:colcon.colcon_core.package_discovery:discover_packages(recursive) check parameters
[0.739s] Level 1:colcon.colcon_core.package_discovery:discover_packages(ignore) check parameters
[0.739s] Level 1:colcon.colcon_core.package_discovery:discover_packages(path) check parameters
[0.739s] Level 1:colcon.colcon_core.package_discovery:discover_packages(colcon_meta) discover
[0.739s] Level 1:colcon.colcon_core.package_discovery:discover_packages(recursive) discover
[0.739s] INFO:colcon.colcon_core.package_discovery:Crawling recursively for packages in '/home/cartoon/rosmaster_ws/src/ydlidar_ros2_driver'
[0.739s] Level 1:colcon.colcon_core.package_identification:_identify(.) by extensions ['ignore', 'ignore_ament_install']
[0.739s] Level 1:colcon.colcon_core.package_identification:_identify(.) by extension 'ignore'
[0.740s] Level 1:colcon.colcon_core.package_identification:_identify(.) by extension 'ignore_ament_install'
[0.740s] Level 1:colcon.colcon_core.package_identification:_identify(.) by extensions ['colcon_pkg']
[0.740s] Level 1:colcon.colcon_core.package_identification:_identify(.) by extension 'colcon_pkg'
[0.740s] Level 1:colcon.colcon_core.package_identification:_identify(.) by extensions ['colcon_meta']
[0.740s] Level 1:colcon.colcon_core.package_identification:_identify(.) by extension 'colcon_meta'
[0.740s] Level 1:colcon.colcon_core.package_identification:_identify(.) by extensions ['ros']
[0.740s] Level 1:colcon.colcon_core.package_identification:_identify(.) by extension 'ros'
[0.768s] DEBUG:colcon.colcon_core.package_identification:Package '.' with type 'ros.ament_cmake' and name 'ydlidar_ros2_driver'
[0.768s] Level 1:colcon.colcon_core.package_discovery:discover_packages(recursive) using defaults
[0.768s] Level 1:colcon.colcon_core.package_discovery:discover_packages(ignore) discover
[0.768s] Level 1:colcon.colcon_core.package_discovery:discover_packages(ignore) using defaults
[0.768s] Level 1:colcon.colcon_core.package_discovery:discover_packages(path) discover
[0.768s] Level 1:colcon.colcon_core.package_discovery:discover_packages(path) using defaults
[0.810s] Level 1:colcon.colcon_core.package_discovery:discover_packages(prefix_path) check parameters
[0.810s] Level 1:colcon.colcon_core.package_discovery:discover_packages(prefix_path) discover
[0.815s] DEBUG:colcon.colcon_installed_package_information.package_discovery:Found 3 installed packages in /home/cartoon/microros_ws/install
[0.817s] DEBUG:colcon.colcon_installed_package_information.package_discovery:Found 9 installed packages in /home/cartoon/rosmaster_ws/install
[0.818s] DEBUG:colcon.colcon_installed_package_information.package_discovery:Found 2 installed packages in /home/cartoon/ros2_tools/install
[0.819s] DEBUG:colcon.colcon_installed_package_information.package_discovery:Found 1 installed packages in /home/cartoon/nav2_ws/install
[0.821s] DEBUG:colcon.colcon_installed_package_information.package_discovery:Found 348 installed packages in /opt/ros/humble
[0.824s] Level 1:colcon.colcon_core.package_discovery:discover_packages(prefix_path) using defaults
[0.916s] Level 5:colcon.colcon_core.verb:set package 'ydlidar_ros2_driver' build argument 'cmake_args' from command line to 'None'
[0.916s] Level 5:colcon.colcon_core.verb:set package 'ydlidar_ros2_driver' build argument 'cmake_target' from command line to 'None'
[0.916s] Level 5:colcon.colcon_core.verb:set package 'ydlidar_ros2_driver' build argument 'cmake_target_skip_unavailable' from command line to 'False'
[0.916s] Level 5:colcon.colcon_core.verb:set package 'ydlidar_ros2_driver' build argument 'cmake_clean_cache' from command line to 'False'
[0.916s] Level 5:colcon.colcon_core.verb:set package 'ydlidar_ros2_driver' build argument 'cmake_clean_first' from command line to 'False'
[0.916s] Level 5:colcon.colcon_core.verb:set package 'ydlidar_ros2_driver' build argument 'cmake_force_configure' from command line to 'False'
[0.916s] Level 5:colcon.colcon_core.verb:set package 'ydlidar_ros2_driver' build argument 'ament_cmake_args' from command line to 'None'
[0.916s] Level 5:colcon.colcon_core.verb:set package 'ydlidar_ros2_driver' build argument 'catkin_cmake_args' from command line to 'None'
[0.916s] Level 5:colcon.colcon_core.verb:set package 'ydlidar_ros2_driver' build argument 'catkin_skip_building_tests' from command line to 'False'
[0.916s] DEBUG:colcon.colcon_core.verb:Building package 'ydlidar_ros2_driver' with the following arguments: {'ament_cmake_args': None, 'build_base': '/home/cartoon/rosmaster_ws/src/ydlidar_ros2_driver/build/ydlidar_ros2_driver', 'catkin_cmake_args': None, 'catkin_skip_building_tests': False, 'cmake_args': None, 'cmake_clean_cache': False, 'cmake_clean_first': False, 'cmake_force_configure': False, 'cmake_target': None, 'cmake_target_skip_unavailable': False, 'install_base': '/home/cartoon/rosmaster_ws/src/ydlidar_ros2_driver/install/ydlidar_ros2_driver', 'merge_install': False, 'path': '/home/cartoon/rosmaster_ws/src/ydlidar_ros2_driver', 'symlink_install': True, 'test_result_base': None}
[0.917s] INFO:colcon.colcon_core.executor:Executing jobs using 'parallel' executor
[0.919s] DEBUG:colcon.colcon_parallel_executor.executor.parallel:run_until_complete
[0.920s] INFO:colcon.colcon_ros.task.ament_cmake.build:Building ROS package in '/home/cartoon/rosmaster_ws/src/ydlidar_ros2_driver' with build type 'ament_cmake'
[0.920s] INFO:colcon.colcon_cmake.task.cmake.build:Building CMake package in '/home/cartoon/rosmaster_ws/src/ydlidar_ros2_driver'
[0.924s] INFO:colcon.colcon_core.plugin_system:Skipping extension 'colcon_core.shell.bat': Not used on non-Windows systems
[0.925s] INFO:colcon.colcon_core.shell:Skip shell extension 'powershell' for command environment: Not usable outside of PowerShell
[0.925s] DEBUG:colcon.colcon_core.shell:Skip shell extension 'dsv' for command environment
[0.946s] DEBUG:colcon.colcon_core.event_handler.log_command:Invoking command in '/home/cartoon/rosmaster_ws/src/ydlidar_ros2_driver/build/ydlidar_ros2_driver': CMAKE_PREFIX_PATH=${CMAKE_PREFIX_PATH}:/home/cartoon/rosmaster_ws/install/robot_nav_tool:/home/cartoon/rosmaster_ws/install/robot_data_tool:/home/cartoon/rosmaster_ws/install/mypkg:/home/cartoon/ros2_tools/install/robot_nav_tool:/home/cartoon/ros2_tools/install/robot_data_tool:/opt/ros/humble /usr/bin/cmake /home/cartoon/rosmaster_ws/src/ydlidar_ros2_driver -DAMENT_CMAKE_SYMLINK_INSTALL=1 -DCMAKE_INSTALL_PREFIX=/home/cartoon/rosmaster_ws/src/ydlidar_ros2_driver/install/ydlidar_ros2_driver
[5.394s] DEBUG:colcon.colcon_core.event_handler.log_command:Invoked command in '/home/cartoon/rosmaster_ws/src/ydlidar_ros2_driver/build/ydlidar_ros2_driver' returned '0': CMAKE_PREFIX_PATH=${CMAKE_PREFIX_PATH}:/home/cartoon/rosmaster_ws/install/robot_nav_tool:/home/cartoon/rosmaster_ws/install/robot_data_tool:/home/cartoon/rosmaster_ws/install/mypkg:/home/cartoon/ros2_tools/install/robot_nav_tool:/home/cartoon/ros2_tools/install/robot_data_tool:/opt/ros/humble /usr/bin/cmake /home/cartoon/rosmaster_ws/src/ydlidar_ros2_driver -DAMENT_CMAKE_SYMLINK_INSTALL=1 -DCMAKE_INSTALL_PREFIX=/home/cartoon/rosmaster_ws/src/ydlidar_ros2_driver/install/ydlidar_ros2_driver
[5.400s] DEBUG:colcon.colcon_core.event_handler.log_command:Invoking command in '/home/cartoon/rosmaster_ws/src/ydlidar_ros2_driver/build/ydlidar_ros2_driver': CMAKE_PREFIX_PATH=${CMAKE_PREFIX_PATH}:/home/cartoon/rosmaster_ws/install/robot_nav_tool:/home/cartoon/rosmaster_ws/install/robot_data_tool:/home/cartoon/rosmaster_ws/install/mypkg:/home/cartoon/ros2_tools/install/robot_nav_tool:/home/cartoon/ros2_tools/install/robot_data_tool:/opt/ros/humble /usr/bin/cmake --build /home/cartoon/rosmaster_ws/src/ydlidar_ros2_driver/build/ydlidar_ros2_driver -- -j6 -l6
[23.935s] DEBUG:colcon.colcon_core.event_handler.log_command:Invoked command in '/home/cartoon/rosmaster_ws/src/ydlidar_ros2_driver/build/ydlidar_ros2_driver' returned '0': CMAKE_PREFIX_PATH=${CMAKE_PREFIX_PATH}:/home/cartoon/rosmaster_ws/install/robot_nav_tool:/home/cartoon/rosmaster_ws/install/robot_data_tool:/home/cartoon/rosmaster_ws/install/mypkg:/home/cartoon/ros2_tools/install/robot_nav_tool:/home/cartoon/ros2_tools/install/robot_data_tool:/opt/ros/humble /usr/bin/cmake --build /home/cartoon/rosmaster_ws/src/ydlidar_ros2_driver/build/ydlidar_ros2_driver -- -j6 -l6
[23.963s] DEBUG:colcon.colcon_core.event_handler.log_command:Invoking command in '/home/cartoon/rosmaster_ws/src/ydlidar_ros2_driver/build/ydlidar_ros2_driver': CMAKE_PREFIX_PATH=${CMAKE_PREFIX_PATH}:/home/cartoon/rosmaster_ws/install/robot_nav_tool:/home/cartoon/rosmaster_ws/install/robot_data_tool:/home/cartoon/rosmaster_ws/install/mypkg:/home/cartoon/ros2_tools/install/robot_nav_tool:/home/cartoon/ros2_tools/install/robot_data_tool:/opt/ros/humble /usr/bin/cmake --install /home/cartoon/rosmaster_ws/src/ydlidar_ros2_driver/build/ydlidar_ros2_driver
[24.739s] Level 1:colcon.colcon_core.environment:create_environment_scripts_only(ydlidar_ros2_driver)
[24.741s] DEBUG:colcon.colcon_core.event_handler.log_command:Invoked command in '/home/cartoon/rosmaster_ws/src/ydlidar_ros2_driver/build/ydlidar_ros2_driver' returned '0': CMAKE_PREFIX_PATH=${CMAKE_PREFIX_PATH}:/home/cartoon/rosmaster_ws/install/robot_nav_tool:/home/cartoon/rosmaster_ws/install/robot_data_tool:/home/cartoon/rosmaster_ws/install/mypkg:/home/cartoon/ros2_tools/install/robot_nav_tool:/home/cartoon/ros2_tools/install/robot_data_tool:/opt/ros/humble /usr/bin/cmake --install /home/cartoon/rosmaster_ws/src/ydlidar_ros2_driver/build/ydlidar_ros2_driver
[24.750s] Level 1:colcon.colcon_core.environment:checking '/home/cartoon/rosmaster_ws/src/ydlidar_ros2_driver/install/ydlidar_ros2_driver' for CMake module files
[24.753s] Level 1:colcon.colcon_core.environment:checking '/home/cartoon/rosmaster_ws/src/ydlidar_ros2_driver/install/ydlidar_ros2_driver' for CMake config files
[24.754s] Level 1:colcon.colcon_core.shell:create_environment_hook('ydlidar_ros2_driver', 'cmake_prefix_path')
[24.755s] INFO:colcon.colcon_core.shell:Creating environment hook '/home/cartoon/rosmaster_ws/src/ydlidar_ros2_driver/install/ydlidar_ros2_driver/share/ydlidar_ros2_driver/hook/cmake_prefix_path.ps1'
[24.757s] INFO:colcon.colcon_core.shell:Creating environment descriptor '/home/cartoon/rosmaster_ws/src/ydlidar_ros2_driver/install/ydlidar_ros2_driver/share/ydlidar_ros2_driver/hook/cmake_prefix_path.dsv'
[24.759s] INFO:colcon.colcon_core.shell:Creating environment hook '/home/cartoon/rosmaster_ws/src/ydlidar_ros2_driver/install/ydlidar_ros2_driver/share/ydlidar_ros2_driver/hook/cmake_prefix_path.sh'
[24.763s] Level 1:colcon.colcon_core.environment:checking '/home/cartoon/rosmaster_ws/src/ydlidar_ros2_driver/install/ydlidar_ros2_driver/lib'
[24.763s] Level 1:colcon.colcon_core.environment:checking '/home/cartoon/rosmaster_ws/src/ydlidar_ros2_driver/install/ydlidar_ros2_driver/bin'
[24.764s] Level 1:colcon.colcon_core.environment:checking '/home/cartoon/rosmaster_ws/src/ydlidar_ros2_driver/install/ydlidar_ros2_driver/lib/pkgconfig/ydlidar_ros2_driver.pc'
[24.765s] Level 1:colcon.colcon_core.environment:checking '/home/cartoon/rosmaster_ws/src/ydlidar_ros2_driver/install/ydlidar_ros2_driver/lib/python3.10/site-packages'
[24.765s] Level 1:colcon.colcon_core.environment:checking '/home/cartoon/rosmaster_ws/src/ydlidar_ros2_driver/install/ydlidar_ros2_driver/bin'
[24.767s] INFO:colcon.colcon_core.shell:Creating package script '/home/cartoon/rosmaster_ws/src/ydlidar_ros2_driver/install/ydlidar_ros2_driver/share/ydlidar_ros2_driver/package.ps1'
[24.770s] INFO:colcon.colcon_core.shell:Creating package descriptor '/home/cartoon/rosmaster_ws/src/ydlidar_ros2_driver/install/ydlidar_ros2_driver/share/ydlidar_ros2_driver/package.dsv'
[24.772s] INFO:colcon.colcon_core.shell:Creating package script '/home/cartoon/rosmaster_ws/src/ydlidar_ros2_driver/install/ydlidar_ros2_driver/share/ydlidar_ros2_driver/package.sh'
[24.774s] INFO:colcon.colcon_core.shell:Creating package script '/home/cartoon/rosmaster_ws/src/ydlidar_ros2_driver/install/ydlidar_ros2_driver/share/ydlidar_ros2_driver/package.bash'
[24.777s] INFO:colcon.colcon_core.shell:Creating package script '/home/cartoon/rosmaster_ws/src/ydlidar_ros2_driver/install/ydlidar_ros2_driver/share/ydlidar_ros2_driver/package.zsh'
[24.779s] Level 1:colcon.colcon_core.environment:create_file_with_runtime_dependencies(/home/cartoon/rosmaster_ws/src/ydlidar_ros2_driver/install/ydlidar_ros2_driver/share/colcon-core/packages/ydlidar_ros2_driver)
[24.781s] Level 1:colcon.colcon_core.environment:create_environment_scripts_only(ydlidar_ros2_driver)
[24.782s] Level 1:colcon.colcon_core.environment:checking '/home/cartoon/rosmaster_ws/src/ydlidar_ros2_driver/install/ydlidar_ros2_driver' for CMake module files
[24.784s] Level 1:colcon.colcon_core.environment:checking '/home/cartoon/rosmaster_ws/src/ydlidar_ros2_driver/install/ydlidar_ros2_driver' for CMake config files
[24.786s] Level 1:colcon.colcon_core.shell:create_environment_hook('ydlidar_ros2_driver', 'cmake_prefix_path')
[24.786s] INFO:colcon.colcon_core.shell:Creating environment hook '/home/cartoon/rosmaster_ws/src/ydlidar_ros2_driver/install/ydlidar_ros2_driver/share/ydlidar_ros2_driver/hook/cmake_prefix_path.ps1'
[24.788s] INFO:colcon.colcon_core.shell:Creating environment descriptor '/home/cartoon/rosmaster_ws/src/ydlidar_ros2_driver/install/ydlidar_ros2_driver/share/ydlidar_ros2_driver/hook/cmake_prefix_path.dsv'
[24.789s] INFO:colcon.colcon_core.shell:Creating environment hook '/home/cartoon/rosmaster_ws/src/ydlidar_ros2_driver/install/ydlidar_ros2_driver/share/ydlidar_ros2_driver/hook/cmake_prefix_path.sh'
[24.791s] Level 1:colcon.colcon_core.environment:checking '/home/cartoon/rosmaster_ws/src/ydlidar_ros2_driver/install/ydlidar_ros2_driver/lib'
[24.792s] Level 1:colcon.colcon_core.environment:checking '/home/cartoon/rosmaster_ws/src/ydlidar_ros2_driver/install/ydlidar_ros2_driver/bin'
[24.792s] Level 1:colcon.colcon_core.environment:checking '/home/cartoon/rosmaster_ws/src/ydlidar_ros2_driver/install/ydlidar_ros2_driver/lib/pkgconfig/ydlidar_ros2_driver.pc'
[24.793s] Level 1:colcon.colcon_core.environment:checking '/home/cartoon/rosmaster_ws/src/ydlidar_ros2_driver/install/ydlidar_ros2_driver/lib/python3.10/site-packages'
[24.794s] Level 1:colcon.colcon_core.environment:checking '/home/cartoon/rosmaster_ws/src/ydlidar_ros2_driver/install/ydlidar_ros2_driver/bin'
[24.795s] INFO:colcon.colcon_core.shell:Creating package script '/home/cartoon/rosmaster_ws/src/ydlidar_ros2_driver/install/ydlidar_ros2_driver/share/ydlidar_ros2_driver/package.ps1'
[24.796s] INFO:colcon.colcon_core.shell:Creating package descriptor '/home/cartoon/rosmaster_ws/src/ydlidar_ros2_driver/install/ydlidar_ros2_driver/share/ydlidar_ros2_driver/package.dsv'
[24.798s] INFO:colcon.colcon_core.shell:Creating package script '/home/cartoon/rosmaster_ws/src/ydlidar_ros2_driver/install/ydlidar_ros2_driver/share/ydlidar_ros2_driver/package.sh'
[24.799s] INFO:colcon.colcon_core.shell:Creating package script '/home/cartoon/rosmaster_ws/src/ydlidar_ros2_driver/install/ydlidar_ros2_driver/share/ydlidar_ros2_driver/package.bash'
[24.801s] INFO:colcon.colcon_core.shell:Creating package script '/home/cartoon/rosmaster_ws/src/ydlidar_ros2_driver/install/ydlidar_ros2_driver/share/ydlidar_ros2_driver/package.zsh'
[24.803s] Level 1:colcon.colcon_core.environment:create_file_with_runtime_dependencies(/home/cartoon/rosmaster_ws/src/ydlidar_ros2_driver/install/ydlidar_ros2_driver/share/colcon-core/packages/ydlidar_ros2_driver)
[24.803s] DEBUG:colcon.colcon_parallel_executor.executor.parallel:closing loop
[24.804s] DEBUG:colcon.colcon_parallel_executor.executor.parallel:loop closed
[24.805s] DEBUG:colcon.colcon_parallel_executor.executor.parallel:run_until_complete finished with '0'
[24.805s] DEBUG:colcon.colcon_core.event_reactor:joining thread
[24.825s] INFO:colcon.colcon_core.plugin_system:Skipping extension 'colcon_notification.desktop_notification.terminal_notifier': Not used on non-Darwin systems
[24.825s] INFO:colcon.colcon_core.plugin_system:Skipping extension 'colcon_notification.desktop_notification.win32': Not used on non-Windows systems
[24.826s] INFO:colcon.colcon_notification.desktop_notification:Sending desktop notification using 'notify2'
[24.858s] DEBUG:colcon.colcon_notification.desktop_notification.notify2:Failed to initialize notify2: org.freedesktop.DBus.Error.Spawn.ChildExited: Process org.freedesktop.Notifications exited with status 1
[24.858s] DEBUG:colcon.colcon_core.event_reactor:joined thread
[24.860s] INFO:colcon.colcon_core.shell:Creating prefix script '/home/cartoon/rosmaster_ws/src/ydlidar_ros2_driver/install/local_setup.ps1'
[24.863s] INFO:colcon.colcon_core.shell:Creating prefix util module '/home/cartoon/rosmaster_ws/src/ydlidar_ros2_driver/install/_local_setup_util_ps1.py'
[24.869s] INFO:colcon.colcon_core.shell:Creating prefix chain script '/home/cartoon/rosmaster_ws/src/ydlidar_ros2_driver/install/setup.ps1'
[24.875s] INFO:colcon.colcon_core.shell:Creating prefix script '/home/cartoon/rosmaster_ws/src/ydlidar_ros2_driver/install/local_setup.sh'
[24.877s] INFO:colcon.colcon_core.shell:Creating prefix util module '/home/cartoon/rosmaster_ws/src/ydlidar_ros2_driver/install/_local_setup_util_sh.py'
[24.879s] INFO:colcon.colcon_core.shell:Creating prefix chain script '/home/cartoon/rosmaster_ws/src/ydlidar_ros2_driver/install/setup.sh'
[24.886s] INFO:colcon.colcon_core.shell:Creating prefix script '/home/cartoon/rosmaster_ws/src/ydlidar_ros2_driver/install/local_setup.bash'
[24.888s] INFO:colcon.colcon_core.shell:Creating prefix chain script '/home/cartoon/rosmaster_ws/src/ydlidar_ros2_driver/install/setup.bash'
[24.893s] INFO:colcon.colcon_core.shell:Creating prefix script '/home/cartoon/rosmaster_ws/src/ydlidar_ros2_driver/install/local_setup.zsh'
[24.895s] INFO:colcon.colcon_core.shell:Creating prefix chain script '/home/cartoon/rosmaster_ws/src/ydlidar_ros2_driver/install/setup.zsh'
